<?xml version="1.0" encoding="UTF-8"?>
<testsuite name="de.taslima.akter.pet.PetApplicationTests" tests="1" skipped="0" failures="0" errors="0" timestamp="2021-01-04T20:55:59" hostname="LAPTOP-51J3HIPR" time="0.253">
  <properties/>
  <testcase name="contextLoads()" classname="de.taslima.akter.pet.PetApplicationTests" time="0.253"/>
  <system-out><![CDATA[21:55:57.530 [Test worker] DEBUG org.springframework.test.context.BootstrapUtils - Instantiating CacheAwareContextLoaderDelegate from class [org.springframework.test.context.cache.DefaultCacheAwareContextLoaderDelegate]
21:55:57.541 [Test worker] DEBUG org.springframework.test.context.BootstrapUtils - Instantiating BootstrapContext using constructor [public org.springframework.test.context.support.DefaultBootstrapContext(java.lang.Class,org.springframework.test.context.CacheAwareContextLoaderDelegate)]
21:55:57.572 [Test worker] DEBUG org.springframework.test.context.BootstrapUtils - Instantiating TestContextBootstrapper for test class [de.taslima.akter.pet.PetApplicationTests] from class [org.springframework.boot.test.context.SpringBootTestContextBootstrapper]
21:55:57.581 [Test worker] INFO org.springframework.boot.test.context.SpringBootTestContextBootstrapper - Neither @ContextConfiguration nor @ContextHierarchy found for test class [de.taslima.akter.pet.PetApplicationTests], using SpringBootContextLoader
21:55:57.585 [Test worker] DEBUG org.springframework.test.context.support.AbstractContextLoader - Did not detect default resource location for test class [de.taslima.akter.pet.PetApplicationTests]: class path resource [de/taslima/akter/pet/PetApplicationTests-context.xml] does not exist
21:55:57.586 [Test worker] DEBUG org.springframework.test.context.support.AbstractContextLoader - Did not detect default resource location for test class [de.taslima.akter.pet.PetApplicationTests]: class path resource [de/taslima/akter/pet/PetApplicationTestsContext.groovy] does not exist
21:55:57.586 [Test worker] INFO org.springframework.test.context.support.AbstractContextLoader - Could not detect default resource locations for test class [de.taslima.akter.pet.PetApplicationTests]: no resource found for suffixes {-context.xml, Context.groovy}.
21:55:57.587 [Test worker] INFO org.springframework.test.context.support.AnnotationConfigContextLoaderUtils - Could not detect default configuration classes for test class [de.taslima.akter.pet.PetApplicationTests]: PetApplicationTests does not declare any static, non-private, non-final, nested classes annotated with @Configuration.
21:55:57.632 [Test worker] DEBUG org.springframework.test.context.support.ActiveProfilesUtils - Could not find an 'annotation declaring class' for annotation type [org.springframework.test.context.ActiveProfiles] and class [de.taslima.akter.pet.PetApplicationTests]
21:55:57.697 [Test worker] DEBUG org.springframework.context.annotation.ClassPathScanningCandidateComponentProvider - Identified candidate component class: file [G:\Springboot applications\pet\build\classes\java\main\de\taslima\akter\pet\PetApplication.class]
21:55:57.699 [Test worker] INFO org.springframework.boot.test.context.SpringBootTestContextBootstrapper - Found @SpringBootConfiguration de.taslima.akter.pet.PetApplication for test class de.taslima.akter.pet.PetApplicationTests
21:55:57.789 [Test worker] DEBUG org.springframework.boot.test.context.SpringBootTestContextBootstrapper - @TestExecutionListeners is not present for class [de.taslima.akter.pet.PetApplicationTests]: using defaults.
21:55:57.789 [Test worker] INFO org.springframework.boot.test.context.SpringBootTestContextBootstrapper - Loaded default TestExecutionListener class names from location [META-INF/spring.factories]: [org.springframework.boot.test.autoconfigure.restdocs.RestDocsTestExecutionListener, org.springframework.boot.test.autoconfigure.web.client.MockRestServiceServerResetTestExecutionListener, org.springframework.boot.test.autoconfigure.web.servlet.MockMvcPrintOnlyOnFailureTestExecutionListener, org.springframework.boot.test.autoconfigure.web.servlet.WebDriverTestExecutionListener, org.springframework.boot.test.autoconfigure.webservices.client.MockWebServiceServerTestExecutionListener, org.springframework.boot.test.mock.mockito.MockitoTestExecutionListener, org.springframework.boot.test.mock.mockito.ResetMocksTestExecutionListener, org.springframework.test.context.web.ServletTestExecutionListener, org.springframework.test.context.support.DirtiesContextBeforeModesTestExecutionListener, org.springframework.test.context.support.DependencyInjectionTestExecutionListener, org.springframework.test.context.support.DirtiesContextTestExecutionListener, org.springframework.test.context.transaction.TransactionalTestExecutionListener, org.springframework.test.context.jdbc.SqlScriptsTestExecutionListener, org.springframework.test.context.event.EventPublishingTestExecutionListener]
21:55:57.800 [Test worker] DEBUG org.springframework.boot.test.context.SpringBootTestContextBootstrapper - Skipping candidate TestExecutionListener [org.springframework.test.context.transaction.TransactionalTestExecutionListener] due to a missing dependency. Specify custom listener classes or make the default listener classes and their required dependencies available. Offending class: [org/springframework/transaction/TransactionDefinition]
21:55:57.801 [Test worker] DEBUG org.springframework.boot.test.context.SpringBootTestContextBootstrapper - Skipping candidate TestExecutionListener [org.springframework.test.context.jdbc.SqlScriptsTestExecutionListener] due to a missing dependency. Specify custom listener classes or make the default listener classes and their required dependencies available. Offending class: [org/springframework/transaction/interceptor/TransactionAttribute]
21:55:57.801 [Test worker] INFO org.springframework.boot.test.context.SpringBootTestContextBootstrapper - Using TestExecutionListeners: [org.springframework.test.context.web.ServletTestExecutionListener@16809cf8, org.springframework.test.context.support.DirtiesContextBeforeModesTestExecutionListener@18873da8, org.springframework.boot.test.mock.mockito.MockitoTestExecutionListener@4b3ed06, org.springframework.boot.test.autoconfigure.SpringBootDependencyInjectionTestExecutionListener@633314f2, org.springframework.test.context.support.DirtiesContextTestExecutionListener@71c62330, org.springframework.test.context.event.EventPublishingTestExecutionListener@508d2add, org.springframework.boot.test.autoconfigure.restdocs.RestDocsTestExecutionListener@4b4d3617, org.springframework.boot.test.autoconfigure.web.client.MockRestServiceServerResetTestExecutionListener@30223f08, org.springframework.boot.test.autoconfigure.web.servlet.MockMvcPrintOnlyOnFailureTestExecutionListener@703d459f, org.springframework.boot.test.autoconfigure.web.servlet.WebDriverTestExecutionListener@495f4287, org.springframework.boot.test.autoconfigure.webservices.client.MockWebServiceServerTestExecutionListener@6b003835, org.springframework.boot.test.mock.mockito.ResetMocksTestExecutionListener@4afb8022]
21:55:57.805 [Test worker] DEBUG org.springframework.test.context.support.AbstractDirtiesContextTestExecutionListener - Before test class: context [DefaultTestContext@4ee1a48 testClass = PetApplicationTests, testInstance = [null], testMethod = [null], testException = [null], mergedContextConfiguration = [WebMergedContextConfiguration@49138ac7 testClass = PetApplicationTests, locations = '{}', classes = '{class de.taslima.akter.pet.PetApplication}', contextInitializerClasses = '[]', activeProfiles = '{}', propertySourceLocations = '{}', propertySourceProperties = '{org.springframework.boot.test.context.SpringBootTestContextBootstrapper=true}', contextCustomizers = set[org.springframework.boot.test.autoconfigure.actuate.metrics.MetricsExportContextCustomizerFactory$DisableMetricExportContextCustomizer@9a6768c, org.springframework.boot.test.autoconfigure.properties.PropertyMappingContextCustomizer@0, org.springframework.boot.test.autoconfigure.web.servlet.WebDriverContextCustomizerFactory$Customizer@36889452, org.springframework.boot.test.context.filter.ExcludeFilterContextCustomizer@714a7f3f, org.springframework.boot.test.json.DuplicateJsonObjectContextCustomizerFactory$DuplicateJsonObjectContextCustomizer@224ded78, org.springframework.boot.test.mock.mockito.MockitoContextCustomizer@0, org.springframework.boot.test.web.client.TestRestTemplateContextCustomizer@cfb8eb1, org.springframework.boot.test.context.SpringBootTestArgs@1, org.springframework.boot.test.context.SpringBootTestWebEnvironment@5dff3bb7], resourceBasePath = 'src/main/webapp', contextLoader = 'org.springframework.boot.test.context.SpringBootContextLoader', parent = [null]], attributes = map['org.springframework.test.context.web.ServletTestExecutionListener.activateListener' -> true]], class annotated with @DirtiesContext [false] with mode [null].
21:55:57.837 [Test worker] DEBUG org.springframework.test.context.support.TestPropertySourceUtils - Adding inlined properties to environment: {spring.jmx.enabled=false, org.springframework.boot.test.context.SpringBootTestContextBootstrapper=true}

  .   ____          _            __ _ _
 /\\ / ___'_ __ _ _(_)_ __  __ _ \ \ \ \
( ( )\___ | '_ | '_| | '_ \/ _` | \ \ \ \
 \\/  ___)| |_)| | | | | || (_| |  ) ) ) )
  '  |____| .__|_| |_|_| |_\__, | / / / /
 =========|_|==============|___/=/_/_/_/
 :: Spring Boot ::                (v2.4.1)

2021-01-04 21:55:58.053  INFO 2040 --- [    Test worker] d.taslima.akter.pet.PetApplicationTests  : Starting PetApplicationTests using Java 11.0.8 on LAPTOP-51J3HIPR with PID 2040 (started by proju in G:\Springboot applications\pet)
2021-01-04 21:55:58.056  INFO 2040 --- [    Test worker] d.taslima.akter.pet.PetApplicationTests  : No active profile set, falling back to default profiles: default
2021-01-04 21:55:59.070  INFO 2040 --- [    Test worker] o.s.s.concurrent.ThreadPoolTaskExecutor  : Initializing ExecutorService 'applicationTaskExecutor'
2021-01-04 21:55:59.326  INFO 2040 --- [    Test worker] d.taslima.akter.pet.PetApplicationTests  : Started PetApplicationTests in 1.482 seconds (JVM running for 2.696)
]]></system-out>
  <system-err><![CDATA[]]></system-err>
</testsuite>
